<?xml version="1.0" encoding="UTF-8"?>
<!-- Generated by org.testng.reporters.JUnitReportReporter -->
<testsuite hostname="home" name="org.wso2.apimgt.gateway.codegen.test.CodeGeneratorTest" tests="2" failures="0" timestamp="11 May 2018 12:08:46 GMT" time="0.529" errors="0">
  <testcase name="generateSkeleton" time="0.062" classname="org.wso2.apimgt.gateway.codegen.test.CodeGeneratorTest"/>
  <testcase name="generateClient" time="0.467" classname="org.wso2.apimgt.gateway.codegen.test.CodeGeneratorTest"/>
</testsuite> <!-- org.wso2.apimgt.gateway.codegen.test.CodeGeneratorTest -->
